[debug] [2022-10-27T16:57:41.031Z] ----------------------------------------------------------------------
[debug] [2022-10-27T16:57:41.033Z] Command:       C:\Program Files\nodejs\node.exe C:\Users\Niloy\AppData\Roaming\npm\node_modules\firebase-tools\lib\bin\firebase.js init
[debug] [2022-10-27T16:57:41.033Z] CLI Version:   11.15.0
[debug] [2022-10-27T16:57:41.033Z] Platform:      win32
[debug] [2022-10-27T16:57:41.033Z] Node Version:  v16.15.1
[debug] [2022-10-27T16:57:41.034Z] Time:          Thu Oct 27 2022 22:57:41 GMT+0600 (Bangladesh Standard Time)
[debug] [2022-10-27T16:57:41.034Z] ----------------------------------------------------------------------
[debug] 
[debug] [2022-10-27T16:57:41.042Z] > command requires scopes: ["email","openid","https://www.googleapis.com/auth/cloudplatformprojects.readonly","https://www.googleapis.com/auth/firebase","https://www.googleapis.com/auth/cloud-platform"]
[debug] [2022-10-27T16:57:41.042Z] > authorizing via signed-in user (saimun15-13311@diu.edu.bd)
[info] 
     ######## #### ########  ######## ########     ###     ######  ########
     ##        ##  ##     ## ##       ##     ##  ##   ##  ##       ##
     ######    ##  ########  ######   ########  #########  ######  ######
     ##        ##  ##    ##  ##       ##     ## ##     ##       ## ##
     ##       #### ##     ## ######## ########  ##     ##  ######  ########

You're about to initialize a Firebase project in this directory:

  C:\projects\b610-learning-platform-client-side-masniloy\my-app

Before we get started, keep in mind:

  * You are currently outside your home directory

[info] 
=== Project Setup
[info] 
[info] First, let's associate this project directory with a Firebase project.
[info] You can create multiple project aliases by running firebase use --add, 
[info] but for now we'll just set up a default project.
[info] 
[info] i  If you want to create a project in a Google Cloud organization or folder, please use "firebase projects:create" instead, and return to this command when you've created the project. 
